TN:
SF:/Users/vmilosevic/github/milosevic81/pytrace/cpp-trace/src/vector.cpp
FN:10,12,_ZNK7Vector33strEv
FN:14,15,_ZNK7Vector39magnitudeEv
FN:22,29,_ZNK7Vector39normalizeEv
FN:31,32,_ZNK7Vector3eqERKS_
FN:35,36,_ZNK7Vector3plERKS_
FN:43,44,_ZNK7Vector3mlEf
FN:47,48,_ZNK7Vector3dvEf
FN:51,54,_ZlsRNSt3__113basic_ostreamIcNS_11char_traitsIcEEEERK7Vector3
FN:8,8,_ZN7Vector3C1Efff
FN:8,8,_ZN7Vector3C2Efff
FNDA:3,_ZNK7Vector33strEv
FNDA:18,_ZNK7Vector39magnitudeEv
FNDA:12,_ZNK7Vector39normalizeEv
FNDA:39,_ZNK7Vector3eqERKS_
FNDA:12,_ZNK7Vector3plERKS_
FNDA:12,_ZNK7Vector3mlEf
FNDA:15,_ZNK7Vector3dvEf
FNDA:3,_ZlsRNSt3__113basic_ostreamIcNS_11char_traitsIcEEEERK7Vector3
FNDA:138,_ZN7Vector3C1Efff
FNDA:138,_ZN7Vector3C2Efff
FNF:10
FNH:10
DA:8,276
DA:10,3
DA:11,3
DA:12,0
DA:14,18
DA:15,18
DA:22,12
DA:23,12
DA:24,12
DA:25,6
DA:27,6
DA:29,12
DA:31,39
DA:32,39
DA:35,12
DA:36,12
DA:43,12
DA:44,12
DA:47,15
DA:48,15
DA:51,3
DA:52,3
DA:53,3
DA:54,0
LF:24
LH:22
end_of_record
